<?xml version="1.0" encoding="UTF-8"?>
<!-- Generated by org.testng.reporters.JUnitReportReporter -->
<testsuite hostname="CAMBROSIA-VM" failures="0" tests="5" name="winapp.cti.qa.testcases.phonecontrol.AgentStatusTest" time="74.606" errors="0" timestamp="2021-06-24T20:41:05 PDT" skipped="0">
  <testcase classname="winapp.cti.qa.testcases.phonecontrol.AgentStatusTest" name="readyStateTest" time="17.490"/>
  <system-out/>
  <testcase classname="winapp.cti.qa.testcases.phonecontrol.AgentStatusTest" name="readyStateTest" time="15.549"/>
  <system-out/>
  <testcase classname="winapp.cti.qa.testcases.phonecontrol.AgentStatusTest" name="readyStateTest" time="14.119"/>
  <system-out/>
  <testcase classname="winapp.cti.qa.testcases.phonecontrol.AgentStatusTest" name="readyStateTest" time="13.490"/>
  <system-out/>
  <testcase classname="winapp.cti.qa.testcases.phonecontrol.AgentStatusTest" name="readyStateTest" time="13.958"/>
  <system-out/>
</testsuite> <!-- winapp.cti.qa.testcases.phonecontrol.AgentStatusTest -->
