<?xml version="1.0" encoding="UTF-8"?>
<!-- Generated by org.testng.reporters.JUnitReportReporter -->
<testsuite hostname="DESKTOP-LTKBB09" failures="0" tests="6" name="com.jostens.qa.testcases.ECheckoutPageTest" time="25.017" errors="0" timestamp="2020-12-19T19:42:09 CST" skipped="0">
  <testcase classname="com.jostens.qa.testcases.ECheckoutPageTest" name="proceedWithCheckoutTest" time="9.420"/>
  <system-out/>
  <testcase classname="com.jostens.qa.testcases.ECheckoutPageTest" name="proceedWithCheckoutTest" time="7.592"/>
  <system-out/>
  <testcase classname="com.jostens.qa.testcases.ECheckoutPageTest" name="proceedWithCheckoutTest" time="7.183"/>
  <system-out/>
  <testcase classname="com.jostens.qa.testcases.ECheckoutPageTest" name="test2" time="0.310"/>
  <system-out/>
  <testcase classname="com.jostens.qa.testcases.ECheckoutPageTest" name="test2" time="0.266"/>
  <system-out/>
  <testcase classname="com.jostens.qa.testcases.ECheckoutPageTest" name="test2" time="0.246"/>
  <system-out/>
</testsuite> <!-- com.jostens.qa.testcases.ECheckoutPageTest -->
