<?xml version="1.0" encoding="UTF-8"?>
<!-- Generated by org.testng.reporters.JUnitReportReporter -->
<testsuite hostname="AutoCTIClient" failures="0" tests="1" name="winapp.cti.qa.testcases.phonecontrol.ConferenceCall" time="281.805" errors="0" timestamp="2021-06-04T14:11:49 CDT" skipped="0">
  <testcase classname="winapp.cti.qa.testcases.phonecontrol.ConferenceCall" name="transferCall" time="281.805"/>
  <system-out/>
</testsuite> <!-- winapp.cti.qa.testcases.phonecontrol.ConferenceCall -->
