<?xml version="1.0" encoding="UTF-8"?>
<!-- Generated by org.testng.reporters.JUnitReportReporter -->
<testsuite hostname="AutoCTIClient" failures="0" tests="5" name="winapp.cti.qa.testcases.callcontrol.AgentStatusTest" time="91.326" errors="0" timestamp="2021-06-20T17:44:43 CDT" skipped="0">
  <testcase classname="winapp.cti.qa.testcases.callcontrol.AgentStatusTest" name="readyStateTest" time="22.419"/>
  <system-out/>
  <testcase classname="winapp.cti.qa.testcases.callcontrol.AgentStatusTest" name="readyStateTest" time="15.320"/>
  <system-out/>
  <testcase classname="winapp.cti.qa.testcases.callcontrol.AgentStatusTest" name="readyStateTest" time="15.385"/>
  <system-out/>
  <testcase classname="winapp.cti.qa.testcases.callcontrol.AgentStatusTest" name="readyStateTest" time="22.570"/>
  <system-out/>
  <testcase classname="winapp.cti.qa.testcases.callcontrol.AgentStatusTest" name="readyStateTest" time="15.632"/>
  <system-out/>
</testsuite> <!-- winapp.cti.qa.testcases.callcontrol.AgentStatusTest -->
