<?xml version="1.0" encoding="UTF-8"?>
<!-- Generated by org.testng.reporters.JUnitReportReporter -->
<testsuite hostname="AutoCTIClient" failures="0" tests="1" name="winapp.cti.qa.testcases.callcontrol.OutgoingCallTest" time="73.597" errors="0" timestamp="2021-06-20T18:48:20 CDT" skipped="0">
  <testcase classname="winapp.cti.qa.testcases.callcontrol.OutgoingCallTest" name="receiveLineTest" time="73.597"/>
  <system-out/>
</testsuite> <!-- winapp.cti.qa.testcases.callcontrol.OutgoingCallTest -->
