<?xml version="1.0" encoding="UTF-8"?>
<!-- Generated by org.testng.reporters.JUnitReportReporter -->
<testsuite hostname="DESKTOP-LTKBB09" failures="0" tests="3" name="com.jostens.qa.testcase.ShoppingCartPageTest" time="2.658" errors="0" timestamp="2020-12-23T13:34:25 CST" skipped="0">
  <testcase classname="com.jostens.qa.testcase.ShoppingCartPageTest" name="daddProductToCartTest" time="0.283"/>
  <system-out/>
  <testcase classname="com.jostens.qa.testcase.ShoppingCartPageTest" name="daddProductToCartTest" time="2.110"/>
  <system-out/>
  <testcase classname="com.jostens.qa.testcase.ShoppingCartPageTest" name="daddProductToCartTest" time="0.265"/>
  <system-out/>
</testsuite> <!-- com.jostens.qa.testcase.ShoppingCartPageTest -->
