<?xml version="1.0" encoding="UTF-8"?>
<!-- Generated by org.testng.reporters.JUnitReportReporter -->
<testsuite hostname="CAMBROSIA-VM" failures="0" tests="7" name="winapp.cti.qa.testcases.phonecontrol.CallLineTest" time="167.580" errors="0" timestamp="2021-05-06T11:27:36 PDT" skipped="0">
  <testcase classname="winapp.cti.qa.testcases.phonecontrol.CallLineTest" name="receiveLineTest" time="23.583"/>
  <system-out/>
  <testcase classname="winapp.cti.qa.testcases.phonecontrol.CallLineTest" name="receiveLineTest" time="24.728"/>
  <system-out/>
  <testcase classname="winapp.cti.qa.testcases.phonecontrol.CallLineTest" name="receiveLineTest" time="23.793"/>
  <system-out/>
  <testcase classname="winapp.cti.qa.testcases.phonecontrol.CallLineTest" name="receiveLineTest" time="22.963"/>
  <system-out/>
  <testcase classname="winapp.cti.qa.testcases.phonecontrol.CallLineTest" name="receiveLineTest" time="26.802"/>
  <system-out/>
  <testcase classname="winapp.cti.qa.testcases.phonecontrol.CallLineTest" name="receiveLineTest" time="22.753"/>
  <system-out/>
  <testcase classname="winapp.cti.qa.testcases.phonecontrol.CallLineTest" name="receiveLineTest" time="22.958"/>
  <system-out/>
</testsuite> <!-- winapp.cti.qa.testcases.phonecontrol.CallLineTest -->
