<?xml version="1.0" encoding="UTF-8"?>
<!-- Generated by org.testng.reporters.JUnitReportReporter -->
<testsuite hostname="DESKTOP-LTKBB09" failures="0" tests="2" name="com.jostens.qa.testcase.HomePageTest" time="4.613" errors="0" timestamp="2020-12-23T13:39:05 CST" skipped="0">
  <testcase classname="com.jostens.qa.testcase.HomePageTest" name="bsearchForSchoolTest" time="2.565"/>
  <system-out/>
  <testcase classname="com.jostens.qa.testcase.HomePageTest" name="bsearchForSchoolTest" time="2.048"/>
  <system-out/>
</testsuite> <!-- com.jostens.qa.testcase.HomePageTest -->
