<?xml version="1.0" encoding="UTF-8"?>
<!-- Generated by org.testng.reporters.JUnitReportReporter -->
<testsuite hostname="CAMBROSIA-VM" failures="0" tests="7" name="winapp.cti.qa.testcases.phonecontrol.HoldLineTest" time="338.230" errors="0" timestamp="2021-05-06T11:27:36 PDT" skipped="0">
  <testcase classname="winapp.cti.qa.testcases.phonecontrol.HoldLineTest" name="holdLineTest" time="46.517"/>
  <system-out/>
  <testcase classname="winapp.cti.qa.testcases.phonecontrol.HoldLineTest" name="holdLineTest" time="46.542"/>
  <system-out/>
  <testcase classname="winapp.cti.qa.testcases.phonecontrol.HoldLineTest" name="holdLineTest" time="45.729"/>
  <system-out/>
  <testcase classname="winapp.cti.qa.testcases.phonecontrol.HoldLineTest" name="holdLineTest" time="46.494"/>
  <system-out/>
  <testcase classname="winapp.cti.qa.testcases.phonecontrol.HoldLineTest" name="holdLineTest" time="45.918"/>
  <system-out/>
  <testcase classname="winapp.cti.qa.testcases.phonecontrol.HoldLineTest" name="holdLineTest" time="47.007"/>
  <system-out/>
  <testcase classname="winapp.cti.qa.testcases.phonecontrol.HoldLineTest" name="holdLineTest" time="60.023"/>
  <system-out/>
</testsuite> <!-- winapp.cti.qa.testcases.phonecontrol.HoldLineTest -->
