<?xml version="1.0" encoding="UTF-8"?>
<!-- Generated by org.testng.reporters.JUnitReportReporter -->
<testsuite hostname="AutoCTIClient" failures="0" tests="1" name="winapp.cti.qa.testcases.phonecontrol.TransferCall" time="284.210" errors="0" timestamp="2021-06-03T20:54:43 CDT" skipped="0">
  <testcase classname="winapp.cti.qa.testcases.phonecontrol.TransferCall" name="transferCall" time="284.210"/>
  <system-out/>
</testsuite> <!-- winapp.cti.qa.testcases.phonecontrol.TransferCall -->
