<?xml version="1.0" encoding="UTF-8"?>
<!-- Generated by org.testng.reporters.JUnitReportReporter -->
<testsuite hostname="DESKTOP-LTKBB09" failures="0" tests="1" name="com.jostens.qa.testcase.PaymentPageTest" time="10.292" errors="0" timestamp="2020-12-23T13:34:25 CST" skipped="0">
  <testcase classname="com.jostens.qa.testcase.PaymentPageTest" name="gtest" time="10.292"/>
  <system-out/>
</testsuite> <!-- com.jostens.qa.testcase.PaymentPageTest -->
