<?xml version="1.0" encoding="UTF-8"?>
<!-- Generated by org.testng.reporters.JUnitReportReporter -->
<testsuite hostname="CAMBROSIA-VM" failures="0" tests="5" name="winapp.cti.qa.testcases.callcontrol.ReadyTest" time="44.548" errors="0" timestamp="2021-05-04T15:11:27 PDT" skipped="0">
  <testcase classname="winapp.cti.qa.testcases.callcontrol.ReadyTest" name="readyStateTest" time="12.927"/>
  <system-out/>
  <testcase classname="winapp.cti.qa.testcases.callcontrol.ReadyTest" name="readyStateTest" time="10.891"/>
  <system-out/>
  <testcase classname="winapp.cti.qa.testcases.callcontrol.ReadyTest" name="readyStateTest" time="6.977"/>
  <system-out/>
  <testcase classname="winapp.cti.qa.testcases.callcontrol.ReadyTest" name="readyStateTest" time="6.834"/>
  <system-out/>
  <testcase classname="winapp.cti.qa.testcases.callcontrol.ReadyTest" name="readyStateTest" time="6.919"/>
  <system-out/>
</testsuite> <!-- winapp.cti.qa.testcases.callcontrol.ReadyTest -->
