<?xml version="1.0" encoding="UTF-8"?>
<!-- Generated by org.testng.reporters.JUnitReportReporter -->
<testsuite hostname="AutoCTIClient" failures="0" tests="3" name="winapp.cti.qa.testcases.callcontrol.LoginTest" time="117.539" errors="0" timestamp="2021-06-20T17:44:43 CDT" skipped="0">
  <testcase classname="winapp.cti.qa.testcases.callcontrol.LoginTest" name="TC55182_LoginTest" time="54.279"/>
  <system-out/>
  <testcase classname="winapp.cti.qa.testcases.callcontrol.LoginTest" name="TC55182_LoginTest" time="1.454"/>
  <system-out/>
  <testcase classname="winapp.cti.qa.testcases.callcontrol.LoginTest" name="TC55182_LoginTest" time="61.806"/>
  <system-out/>
</testsuite> <!-- winapp.cti.qa.testcases.callcontrol.LoginTest -->
