<?xml version="1.0" encoding="UTF-8"?>
<!-- Generated by org.testng.reporters.JUnitReportReporter -->
<testsuite hostname="CAMBROSIA-VM" failures="0" tests="1" name="winapp.cti.qa.testcases.ReceiveCallTest" time="37.104" errors="0" timestamp="2021-04-26T13:52:40 PDT" skipped="0">
  <testcase classname="winapp.cti.qa.testcases.ReceiveCallTest" name="readyTest" time="37.104"/>
  <system-out/>
</testsuite> <!-- winapp.cti.qa.testcases.ReceiveCallTest -->
