<?xml version="1.0" encoding="UTF-8"?>
<!-- Generated by org.testng.reporters.JUnitReportReporter -->
<testsuite hostname="CAMBROSIA-VM" failures="0" tests="1" name="winapp.cti.qa.testcases.ReleaseLineTest" time="5.076" errors="0" timestamp="2021-04-26T17:31:25 PDT" skipped="0">
  <testcase classname="winapp.cti.qa.testcases.ReleaseLineTest" name="releaseLineTest" time="5.076"/>
  <system-out/>
</testsuite> <!-- winapp.cti.qa.testcases.ReleaseLineTest -->
