<?xml version="1.0" encoding="UTF-8"?>
<!-- Generated by org.testng.reporters.JUnitReportReporter -->
<testsuite hostname="AutoCTIClient" failures="0" tests="7" name="winapp.cti.qa.testcases.callcontrol.ReceiveLineTest" time="747.815" errors="1" timestamp="2021-06-20T17:44:43 CDT" skipped="0">
  <testcase classname="winapp.cti.qa.testcases.callcontrol.ReceiveLineTest" name="receiveLineTest" time="140.508"/>
  <system-out/>
  <testcase classname="winapp.cti.qa.testcases.callcontrol.ReceiveLineTest" name="receiveLineTest" time="142.298"/>
  <system-out/>
  <testcase classname="winapp.cti.qa.testcases.callcontrol.ReceiveLineTest" name="receiveLineTest" time="99.800"/>
  <system-out/>
  <testcase classname="winapp.cti.qa.testcases.callcontrol.ReceiveLineTest" name="receiveLineTest" time="103.410"/>
  <system-out/>
  <testcase classname="winapp.cti.qa.testcases.callcontrol.ReceiveLineTest" name="receiveLineTest" time="57.662">
    <error message="Index 0 out of bounds for length 0" type="java.lang.IndexOutOfBoundsException">
      <![CDATA[java.lang.IndexOutOfBoundsException: Index 0 out of bounds for length 0
at java.base/jdk.internal.util.Preconditions.outOfBounds(Preconditions.java:64)
at java.base/jdk.internal.util.Preconditions.outOfBoundsCheckIndex(Preconditions.java:70)
at java.base/jdk.internal.util.Preconditions.checkIndex(Preconditions.java:248)
at java.base/java.util.Objects.checkIndex(Objects.java:359)
at java.base/java.util.ArrayList.get(ArrayList.java:427)
at java.base/jdk.internal.reflect.GeneratedMethodAccessor45.invoke(Unknown Source)
at java.base/jdk.internal.reflect.DelegatingMethodAccessorImpl.invoke(DelegatingMethodAccessorImpl.java:43)
at java.base/java.lang.reflect.Method.invoke(Method.java:564)
at org.openqa.selenium.support.pagefactory.internal.LocatingElementListHandler.invoke(LocatingElementListHandler.java:39)
at com.sun.proxy.$Proxy22.get(Unknown Source)
at winapp.cti.qa.pages.PhoneControlPage.verifyIncomingCall(PhoneControlPage.java:577)
at winapp.cti.qa.testcases.callcontrol.ReceiveLineTest.receiveLineTest(ReceiveLineTest.java:88)
at java.base/jdk.internal.reflect.NativeMethodAccessorImpl.invoke0(Native Method)
at java.base/jdk.internal.reflect.NativeMethodAccessorImpl.invoke(NativeMethodAccessorImpl.java:64)
at java.base/jdk.internal.reflect.DelegatingMethodAccessorImpl.invoke(DelegatingMethodAccessorImpl.java:43)
at java.base/java.lang.reflect.Method.invoke(Method.java:564)
at org.testng.internal.MethodInvocationHelper.invokeMethod(MethodInvocationHelper.java:133)
at org.testng.internal.TestInvoker.invokeMethod(TestInvoker.java:598)
at org.testng.internal.TestInvoker.invokeTestMethod(TestInvoker.java:173)
at org.testng.internal.MethodRunner.runInSequence(MethodRunner.java:46)
at org.testng.internal.TestInvoker$MethodInvocationAgent.invoke(TestInvoker.java:824)
at org.testng.internal.TestInvoker.invokeTestMethods(TestInvoker.java:146)
at org.testng.internal.TestMethodWorker.invokeTestMethods(TestMethodWorker.java:146)
at org.testng.internal.TestMethodWorker.run(TestMethodWorker.java:128)
at java.base/java.util.ArrayList.forEach(ArrayList.java:1511)
at org.testng.TestRunner.privateRun(TestRunner.java:794)
at org.testng.TestRunner.run(TestRunner.java:596)
at org.testng.SuiteRunner.runTest(SuiteRunner.java:377)
at org.testng.SuiteRunner.access$000(SuiteRunner.java:28)
at org.testng.SuiteRunner$SuiteWorker.run(SuiteRunner.java:418)
at org.testng.internal.thread.ThreadUtil.lambda$execute$0(ThreadUtil.java:64)
at java.base/java.util.concurrent.FutureTask.run(FutureTask.java:264)
at java.base/java.util.concurrent.ThreadPoolExecutor.runWorker(ThreadPoolExecutor.java:1130)
at java.base/java.util.concurrent.ThreadPoolExecutor$Worker.run(ThreadPoolExecutor.java:630)
at java.base/java.lang.Thread.run(Thread.java:832)
]]>
    </error>
  </testcase> <!-- receiveLineTest -->
  <system-out/>
  <testcase classname="winapp.cti.qa.testcases.callcontrol.ReceiveLineTest" name="receiveLineTest" time="102.371"/>
  <system-out/>
  <testcase classname="winapp.cti.qa.testcases.callcontrol.ReceiveLineTest" name="receiveLineTest" time="101.766"/>
  <system-out/>
</testsuite> <!-- winapp.cti.qa.testcases.callcontrol.ReceiveLineTest -->
