<?xml version="1.0" encoding="UTF-8"?>
<!-- Generated by org.testng.reporters.JUnitReportReporter -->
<testsuite hostname="DESKTOP-LTKBB09" failures="0" tests="3" name="com.jostens.qa.testcases.CSchoolStorePageTest" time="68.468" errors="0" timestamp="2020-12-19T19:42:09 CST" skipped="0">
  <testcase classname="com.jostens.qa.testcases.CSchoolStorePageTest" name="productSearchTest" time="21.405"/>
  <system-out/>
  <testcase classname="com.jostens.qa.testcases.CSchoolStorePageTest" name="productSearchTest" time="25.639"/>
  <system-out/>
  <testcase classname="com.jostens.qa.testcases.CSchoolStorePageTest" name="productSearchTest" time="21.424"/>
  <system-out/>
</testsuite> <!-- com.jostens.qa.testcases.CSchoolStorePageTest -->
