<?xml version="1.0" encoding="UTF-8"?>
<!-- Generated by org.testng.reporters.JUnitReportReporter -->
<testsuite hostname="CAMBROSIA-VM" failures="0" tests="1" name="com.jostens.qa.testcases.NotePadPageTest" time="13.344" errors="0" timestamp="2021-04-13T19:26:52 PDT" skipped="0">
  <testcase classname="com.jostens.qa.testcases.NotePadPageTest" name="loginTest" time="13.344"/>
  <system-out/>
</testsuite> <!-- com.jostens.qa.testcases.NotePadPageTest -->
