<?xml version="1.0" encoding="UTF-8"?>
<!-- Generated by org.testng.reporters.JUnitReportReporter -->
<testsuite hostname="DESKTOP-LTKBB09" failures="0" tests="2" name="com.jostens.qa.testcases.ALoginPageTest" time="10.078" errors="0" timestamp="2020-12-19T19:42:09 CST" skipped="0">
  <testcase classname="com.jostens.qa.testcases.ALoginPageTest" name="loginTest" time="3.212"/>
  <system-out/>
  <testcase classname="com.jostens.qa.testcases.ALoginPageTest" name="loginTest" time="6.866"/>
  <system-out/>
</testsuite> <!-- com.jostens.qa.testcases.ALoginPageTest -->
