<?xml version="1.0" encoding="UTF-8"?>
<!-- Generated by org.testng.reporters.JUnitReportReporter -->
<testsuite hostname="CAMBROSIA-VM" failures="0" tests="5" name="winapp.cti.qa.testcases.phonecontrol.ReadyTest" time="32.276" errors="0" timestamp="2021-05-04T15:18:24 PDT" skipped="0">
  <testcase classname="winapp.cti.qa.testcases.phonecontrol.ReadyTest" name="readyStateTest" time="7.960"/>
  <system-out/>
  <testcase classname="winapp.cti.qa.testcases.phonecontrol.ReadyTest" name="readyStateTest" time="8.077"/>
  <system-out/>
  <testcase classname="winapp.cti.qa.testcases.phonecontrol.ReadyTest" name="readyStateTest" time="5.411"/>
  <system-out/>
  <testcase classname="winapp.cti.qa.testcases.phonecontrol.ReadyTest" name="readyStateTest" time="5.365"/>
  <system-out/>
  <testcase classname="winapp.cti.qa.testcases.phonecontrol.ReadyTest" name="readyStateTest" time="5.463"/>
  <system-out/>
</testsuite> <!-- winapp.cti.qa.testcases.phonecontrol.ReadyTest -->
