<?xml version="1.0" encoding="UTF-8"?>
<!-- Generated by org.testng.reporters.JUnitReportReporter -->
<testsuite hostname="AutoCTIClient" failures="0" tests="5" name="winapp.cti.qa.testcases.callcontrol.DirectCallTest" time="357.895" errors="0" timestamp="2021-05-14T14:00:55 CDT" skipped="0">
  <testcase classname="winapp.cti.qa.testcases.callcontrol.DirectCallTest" name="receiveLineTest" time="71.635"/>
  <system-out/>
  <testcase classname="winapp.cti.qa.testcases.callcontrol.DirectCallTest" name="receiveLineTest" time="66.944"/>
  <system-out/>
  <testcase classname="winapp.cti.qa.testcases.callcontrol.DirectCallTest" name="receiveLineTest" time="68.922"/>
  <system-out/>
  <testcase classname="winapp.cti.qa.testcases.callcontrol.DirectCallTest" name="receiveLineTest" time="81.290"/>
  <system-out/>
  <testcase classname="winapp.cti.qa.testcases.callcontrol.DirectCallTest" name="receiveLineTest" time="69.104"/>
  <system-out/>
</testsuite> <!-- winapp.cti.qa.testcases.callcontrol.DirectCallTest -->
