<?xml version="1.0" encoding="UTF-8"?>
<!-- Generated by org.testng.reporters.JUnitReportReporter -->
<testsuite hostname="AutoCTIClient" failures="0" tests="2" name="winapp.cti.qa.testcases.phonecontrol.BlindTransferCallTest" time="456.782" errors="0" timestamp="2021-06-20T09:47:36 CDT" skipped="0">
  <testcase classname="winapp.cti.qa.testcases.phonecontrol.BlindTransferCallTest" name="transferCall" time="144.758"/>
  <system-out/>
  <testcase classname="winapp.cti.qa.testcases.phonecontrol.BlindTransferCallTest" name="transferCall" time="312.024"/>
  <system-out/>
</testsuite> <!-- winapp.cti.qa.testcases.phonecontrol.BlindTransferCallTest -->
