<?xml version="1.0" encoding="UTF-8"?>
<!-- Generated by org.testng.reporters.JUnitReportReporter -->
<testsuite hostname="DESKTOP-LTKBB09" failures="0" tests="3" name="com.jostens.qa.testcases.DShoppingCartPageTest" time="2.373" errors="0" timestamp="2020-12-19T19:42:09 CST" skipped="0">
  <testcase classname="com.jostens.qa.testcases.DShoppingCartPageTest" name="addProductToCartTest" time="0.238"/>
  <system-out/>
  <testcase classname="com.jostens.qa.testcases.DShoppingCartPageTest" name="addProductToCartTest" time="0.260"/>
  <system-out/>
  <testcase classname="com.jostens.qa.testcases.DShoppingCartPageTest" name="addProductToCartTest" time="1.875"/>
  <system-out/>
</testsuite> <!-- com.jostens.qa.testcases.DShoppingCartPageTest -->
