<?xml version="1.0" encoding="UTF-8"?>
<!-- Generated by org.testng.reporters.JUnitReportReporter -->
<testsuite hostname="AutoCTIClient" failures="0" tests="2" name="winapp.cti.qa.testcases.callcontrol.TransferCallTest" time="564.447" errors="0" timestamp="2021-06-20T18:48:20 CDT" skipped="0">
  <testcase classname="winapp.cti.qa.testcases.callcontrol.TransferCallTest" name="transferCall" time="371.346"/>
  <system-out/>
  <testcase classname="winapp.cti.qa.testcases.callcontrol.TransferCallTest" name="transferCall" time="193.101"/>
  <system-out/>
</testsuite> <!-- winapp.cti.qa.testcases.callcontrol.TransferCallTest -->
