<?xml version="1.0" encoding="UTF-8"?>
<!-- Generated by org.testng.reporters.JUnitReportReporter -->
<testsuite hostname="DESKTOP-LTKBB09" failures="0" tests="1" name="com.jostens.qa.testcases.SchoolPageTest" time="0.001" errors="0" timestamp="2020-12-05T21:28:51 CST" skipped="0">
  <testcase classname="com.jostens.qa.testcases.SchoolPageTest" name="schoolPageSearch" time="0.001"/>
  <system-out/>
</testsuite> <!-- com.jostens.qa.testcases.SchoolPageTest -->
