<?xml version="1.0" encoding="UTF-8"?>
<!-- Generated by org.testng.reporters.JUnitReportReporter -->
<testsuite hostname="AutoCTIClient" failures="0" tests="2" name="winapp.cti.qa.testcases.callcontrol.ConferenceCallTest" time="650.298" errors="0" timestamp="2021-06-20T18:48:20 CDT" skipped="0">
  <testcase classname="winapp.cti.qa.testcases.callcontrol.ConferenceCallTest" name="transferCall" time="242.136"/>
  <system-out/>
  <testcase classname="winapp.cti.qa.testcases.callcontrol.ConferenceCallTest" name="transferCall" time="408.162"/>
  <system-out/>
</testsuite> <!-- winapp.cti.qa.testcases.callcontrol.ConferenceCallTest -->
