<?xml version="1.0" encoding="UTF-8"?>
<!-- Generated by org.testng.reporters.JUnitReportReporter -->
<testsuite hostname="CAMBROSIA-VM" failures="0" tests="5" name="winapp.cti.qa.testcases.phonecontrol.AgentStatusTest" time="61.234" errors="0" timestamp="2021-06-23T15:28:16 PDT" skipped="0">
  <testcase classname="winapp.cti.qa.testcases.phonecontrol.AgentStatusTest" name="readyStateTest" time="12.198"/>
  <system-out/>
  <testcase classname="winapp.cti.qa.testcases.phonecontrol.AgentStatusTest" name="readyStateTest" time="14.088"/>
  <system-out/>
  <testcase classname="winapp.cti.qa.testcases.phonecontrol.AgentStatusTest" name="readyStateTest" time="11.087"/>
  <system-out/>
  <testcase classname="winapp.cti.qa.testcases.phonecontrol.AgentStatusTest" name="readyStateTest" time="11.308"/>
  <system-out/>
  <testcase classname="winapp.cti.qa.testcases.phonecontrol.AgentStatusTest" name="readyStateTest" time="12.553"/>
  <system-out/>
</testsuite> <!-- winapp.cti.qa.testcases.phonecontrol.AgentStatusTest -->
