<?xml version="1.0" encoding="UTF-8"?>
<!-- Generated by org.testng.reporters.JUnitReportReporter -->
<testsuite hostname="DESKTOP-LTKBB09" failures="0" tests="3" name="com.jostens.qa.testcase.SchoolStorePageTest" time="75.535" errors="0" timestamp="2020-12-23T13:34:25 CST" skipped="0">
  <testcase classname="com.jostens.qa.testcase.SchoolStorePageTest" name="cproductSearchTest" time="28.784"/>
  <system-out/>
  <testcase classname="com.jostens.qa.testcase.SchoolStorePageTest" name="cproductSearchTest" time="24.702"/>
  <system-out/>
  <testcase classname="com.jostens.qa.testcase.SchoolStorePageTest" name="cproductSearchTest" time="22.049"/>
  <system-out/>
</testsuite> <!-- com.jostens.qa.testcase.SchoolStorePageTest -->
