<?xml version="1.0" encoding="UTF-8"?>
<!-- Generated by org.testng.reporters.JUnitReportReporter -->
<testsuite hostname="CAMBROSIA-VM" failures="0" tests="3" name="winapp.cti.qa.testcases.phonecontrol.LoginTest" time="126.703" errors="0" timestamp="2021-06-21T07:40:33 PDT" skipped="0">
  <testcase classname="winapp.cti.qa.testcases.phonecontrol.LoginTest" name="loginTest" time="64.315"/>
  <system-out/>
  <testcase classname="winapp.cti.qa.testcases.phonecontrol.LoginTest" name="loginTest" time="0.462"/>
  <system-out/>
  <testcase classname="winapp.cti.qa.testcases.phonecontrol.LoginTest" name="loginTest" time="61.926"/>
  <system-out/>
</testsuite> <!-- winapp.cti.qa.testcases.phonecontrol.LoginTest -->
