<?xml version="1.0" encoding="UTF-8"?>
<!-- Generated by org.testng.reporters.JUnitReportReporter -->
<testsuite hostname="CAMBROSIA-VM" failures="0" tests="1" name="winapp.cti.qa.testcases.callcontrol.OutgoingTest" time="30.676" errors="0" timestamp="2021-05-19T09:46:30 PDT" skipped="0">
  <testcase classname="winapp.cti.qa.testcases.callcontrol.OutgoingTest" name="receiveLineTest" time="30.676"/>
  <system-out/>
</testsuite> <!-- winapp.cti.qa.testcases.callcontrol.OutgoingTest -->
