<?xml version="1.0" encoding="UTF-8"?>
<!-- Generated by org.testng.reporters.JUnitReportReporter -->
<testsuite hostname="CAMBROSIA-VM" failures="0" tests="1" name="winapp.cti.qa.testcases.callcontrol.tmp" time="131.521" errors="0" timestamp="2021-05-09T22:34:07 PDT" skipped="0">
  <testcase classname="winapp.cti.qa.testcases.callcontrol.tmp" name="initializeApplications" time="131.521"/>
  <system-out/>
</testsuite> <!-- winapp.cti.qa.testcases.callcontrol.tmp -->
