<?xml version="1.0" encoding="UTF-8"?>
<!-- Generated by org.testng.reporters.JUnitReportReporter -->
<testsuite hostname="DESKTOP-LTKBB09" failures="0" tests="2" name="com.jostens.qa.testcases.FavoritesPageTest" time="31.209" errors="0" timestamp="2021-01-09T17:10:45 CST" skipped="0">
  <testcase classname="com.jostens.qa.testcases.FavoritesPageTest" name="CheckFavoritesListTest" time="15.680"/>
  <system-out/>
  <testcase classname="com.jostens.qa.testcases.FavoritesPageTest" name="CheckFavoritesListTest" time="15.529"/>
  <system-out/>
</testsuite> <!-- com.jostens.qa.testcases.FavoritesPageTest -->
