<?xml version="1.0" encoding="UTF-8"?>
<!-- Generated by org.testng.reporters.JUnitReportReporter -->
<testsuite hostname="AutoCTIClient" failures="0" tests="1" name="winapp.cti.qa.testcases.callcontrol.HoldLineTest" time="99.250" errors="0" timestamp="2021-05-16T19:16:52 CDT" skipped="0">
  <testcase classname="winapp.cti.qa.testcases.callcontrol.HoldLineTest" name="holdLineTest" time="99.250"/>
  <system-out/>
</testsuite> <!-- winapp.cti.qa.testcases.callcontrol.HoldLineTest -->
