<?xml version="1.0" encoding="UTF-8"?>
<!-- Generated by org.testng.reporters.JUnitReportReporter -->
<testsuite hostname="AutoCTIClient" failures="0" tests="1" name="winapp.cti.qa.testcases.callcontrol.NotReadyStatusTest" time="19.029" errors="0" timestamp="2021-05-14T14:00:55 CDT" skipped="0">
  <testcase classname="winapp.cti.qa.testcases.callcontrol.NotReadyStatusTest" name="readyStateTest" time="19.029"/>
  <system-out/>
</testsuite> <!-- winapp.cti.qa.testcases.callcontrol.NotReadyStatusTest -->
