<?xml version="1.0" encoding="UTF-8"?>
<!-- Generated by org.testng.reporters.JUnitReportReporter -->
<testsuite hostname="CAMBROSIA-VM" failures="0" tests="1" name="winapp.cti.qa.testcases.NotePadPageTest" time="1.429" errors="0" timestamp="2021-04-14T11:55:01 PDT" skipped="0">
  <testcase classname="winapp.cti.qa.testcases.NotePadPageTest" name="loginTest" time="1.429"/>
  <system-out/>
</testsuite> <!-- winapp.cti.qa.testcases.NotePadPageTest -->
