<?xml version="1.0" encoding="UTF-8"?>
<!-- Generated by org.testng.reporters.JUnitReportReporter -->
<testsuite hostname="DESKTOP-LTKBB09" failures="0" tests="2" name="com.jostens.qa.testcases.SavedSearchesPageTest" time="15.183" errors="0" timestamp="2021-01-09T17:10:45 CST" skipped="0">
  <testcase classname="com.jostens.qa.testcases.SavedSearchesPageTest" name="CheckSavedSearchesListTest" time="7.544"/>
  <system-out/>
  <testcase classname="com.jostens.qa.testcases.SavedSearchesPageTest" name="CheckSavedSearchesListTest" time="7.639"/>
  <system-out/>
</testsuite> <!-- com.jostens.qa.testcases.SavedSearchesPageTest -->
