<?xml version="1.0" encoding="UTF-8"?>
<!-- Generated by org.testng.reporters.JUnitReportReporter -->
<testsuite hostname="AutoCTIClient" failures="0" tests="1" name="winapp.cti.qa.testcases.callcontrol.SharedLineTest" time="83.606" errors="0" timestamp="2021-05-14T14:00:55 CDT" skipped="0">
  <testcase classname="winapp.cti.qa.testcases.callcontrol.SharedLineTest" name="receiveLineTest" time="83.606"/>
  <system-out/>
</testsuite> <!-- winapp.cti.qa.testcases.callcontrol.SharedLineTest -->
