<?xml version="1.0" encoding="UTF-8"?>
<!-- Generated by org.testng.reporters.JUnitReportReporter -->
<testsuite hostname="AutoCTIClient" failures="0" tests="1" name="winapp.cti.qa.testcases.applications.CloseApplications" time="20.803" errors="0" timestamp="2021-06-20T17:44:43 CDT" skipped="0">
  <testcase classname="winapp.cti.qa.testcases.applications.CloseApplications" name="closeApplications" time="20.803"/>
  <system-out/>
</testsuite> <!-- winapp.cti.qa.testcases.applications.CloseApplications -->
