<?xml version="1.0" encoding="UTF-8"?>
<!-- Generated by org.testng.reporters.JUnitReportReporter -->
<testsuite hostname="DESKTOP-LTKBB09" failures="0" tests="2" name="com.jostens.qa.testcases.HomePageTest" time="4.816" errors="0" timestamp="2020-12-23T13:42:25 CST" skipped="0">
  <testcase classname="com.jostens.qa.testcases.HomePageTest" name="bsearchForSchoolTest" time="2.620"/>
  <system-out/>
  <testcase classname="com.jostens.qa.testcases.HomePageTest" name="bsearchForSchoolTest" time="2.196"/>
  <system-out/>
</testsuite> <!-- com.jostens.qa.testcases.HomePageTest -->
