<?xml version="1.0" encoding="UTF-8"?>
<!-- Generated by org.testng.reporters.JUnitReportReporter -->
<testsuite hostname="AutoCTIClient" failures="0" tests="1" name="winapp.cti.qa.testcases.applications.InitializeApplications3" time="273.105" errors="0" timestamp="2021-05-27T10:55:51 CDT" skipped="0">
  <testcase classname="winapp.cti.qa.testcases.applications.InitializeApplications3" name="transferCall" time="273.105"/>
  <system-out/>
</testsuite> <!-- winapp.cti.qa.testcases.applications.InitializeApplications3 -->
