<?xml version="1.0" encoding="UTF-8"?>
<!-- Generated by org.testng.reporters.JUnitReportReporter -->
<testsuite hostname="AutoCTIClient" failures="0" tests="7" name="winapp.cti.qa.testcases.phonecontrol.ReceiveLineTest" time="967.342" errors="0" timestamp="2021-06-20T09:47:36 CDT" skipped="0">
  <testcase classname="winapp.cti.qa.testcases.phonecontrol.ReceiveLineTest" name="receiveLineTest" time="170.348"/>
  <system-out/>
  <testcase classname="winapp.cti.qa.testcases.phonecontrol.ReceiveLineTest" name="receiveLineTest" time="125.317"/>
  <system-out/>
  <testcase classname="winapp.cti.qa.testcases.phonecontrol.ReceiveLineTest" name="receiveLineTest" time="160.618"/>
  <system-out/>
  <testcase classname="winapp.cti.qa.testcases.phonecontrol.ReceiveLineTest" name="receiveLineTest" time="125.982"/>
  <system-out/>
  <testcase classname="winapp.cti.qa.testcases.phonecontrol.ReceiveLineTest" name="receiveLineTest" time="127.880"/>
  <system-out/>
  <testcase classname="winapp.cti.qa.testcases.phonecontrol.ReceiveLineTest" name="receiveLineTest" time="129.292"/>
  <system-out/>
  <testcase classname="winapp.cti.qa.testcases.phonecontrol.ReceiveLineTest" name="receiveLineTest" time="127.905"/>
  <system-out/>
</testsuite> <!-- winapp.cti.qa.testcases.phonecontrol.ReceiveLineTest -->
