<?xml version="1.0" encoding="UTF-8"?>
<!-- Generated by org.testng.reporters.JUnitReportReporter -->
<testsuite hostname="CAMBROSIA-VM" failures="0" tests="7" name="winapp.cti.qa.testcases.callcontrol.CallLineTest" time="235.227" errors="0" timestamp="2021-05-09T22:34:07 PDT" skipped="0">
  <testcase classname="winapp.cti.qa.testcases.callcontrol.CallLineTest" name="receiveLineTest" time="29.775"/>
  <system-out/>
  <testcase classname="winapp.cti.qa.testcases.callcontrol.CallLineTest" name="receiveLineTest" time="26.057"/>
  <system-out/>
  <testcase classname="winapp.cti.qa.testcases.callcontrol.CallLineTest" name="receiveLineTest" time="40.341"/>
  <system-out/>
  <testcase classname="winapp.cti.qa.testcases.callcontrol.CallLineTest" name="receiveLineTest" time="34.432"/>
  <system-out/>
  <testcase classname="winapp.cti.qa.testcases.callcontrol.CallLineTest" name="receiveLineTest" time="35.390"/>
  <system-out/>
  <testcase classname="winapp.cti.qa.testcases.callcontrol.CallLineTest" name="receiveLineTest" time="25.041"/>
  <system-out/>
  <testcase classname="winapp.cti.qa.testcases.callcontrol.CallLineTest" name="receiveLineTest" time="44.191"/>
  <system-out/>
</testsuite> <!-- winapp.cti.qa.testcases.callcontrol.CallLineTest -->
