<?xml version="1.0" encoding="UTF-8"?>
<!-- Generated by org.testng.reporters.JUnitReportReporter -->
<testsuite hostname="CAMBROSIA-VM" failures="0" tests="1" name="winapp.cti.qa.testcases.applications.InitializeApplications" time="326.970" errors="0" timestamp="2021-06-21T07:40:33 PDT" skipped="0">
  <testcase classname="winapp.cti.qa.testcases.applications.InitializeApplications" name="initializeApplications" time="326.970"/>
  <system-out/>
</testsuite> <!-- winapp.cti.qa.testcases.applications.InitializeApplications -->
