<?xml version="1.0" encoding="UTF-8"?>
<!-- Generated by org.testng.reporters.JUnitReportReporter -->
<testsuite hostname="AutoCTIClient" failures="0" tests="1" name="winapp.cti.qa.testcases.callcontrol.CloseApplications" time="4.666" errors="0" timestamp="2021-05-14T12:03:06 CDT" skipped="0">
  <testcase classname="winapp.cti.qa.testcases.callcontrol.CloseApplications" name="closeApplications" time="4.666"/>
  <system-out/>
</testsuite> <!-- winapp.cti.qa.testcases.callcontrol.CloseApplications -->
