<?xml version="1.0" encoding="UTF-8"?>
<!-- Generated by org.testng.reporters.JUnitReportReporter -->
<testsuite hostname="DESKTOP-LTKBB09" failures="0" tests="1" name="com.jostens.qa.testcases.FPaymentPageTest" time="10.546" errors="0" timestamp="2020-12-19T19:42:09 CST" skipped="0">
  <testcase classname="com.jostens.qa.testcases.FPaymentPageTest" name="test" time="10.546"/>
  <system-out/>
</testsuite> <!-- com.jostens.qa.testcases.FPaymentPageTest -->
