<?xml version="1.0" encoding="UTF-8"?>
<!-- Generated by org.testng.reporters.JUnitReportReporter -->
<testsuite hostname="AutoCTIClient" failures="0" tests="3" name="winapp.cti.qa.testcases.applications.InitializeApplications2" time="191.647" errors="0" timestamp="2021-05-26T19:19:07 CDT" skipped="0">
  <testcase classname="winapp.cti.qa.testcases.applications.InitializeApplications2" name="initializeApplications" time="147.195"/>
  <system-out/>
  <testcase classname="winapp.cti.qa.testcases.applications.InitializeApplications2" name="tmp" time="0.807"/>
  <system-out/>
  <testcase classname="winapp.cti.qa.testcases.applications.InitializeApplications2" name="transferCall" time="43.645"/>
  <system-out/>
</testsuite> <!-- winapp.cti.qa.testcases.applications.InitializeApplications2 -->
