<?xml version="1.0" encoding="UTF-8"?>
<!-- Generated by org.testng.reporters.JUnitReportReporter -->
<testsuite hostname="CAMBROSIA-VM" failures="0" tests="1" name="winapp.cti.qa.testcases.AnswerLineTest" time="4.694" errors="0" timestamp="2021-04-26T17:31:25 PDT" skipped="0">
  <testcase classname="winapp.cti.qa.testcases.AnswerLineTest" name="answerLineTest" time="4.694"/>
  <system-out/>
</testsuite> <!-- winapp.cti.qa.testcases.AnswerLineTest -->
